Using pre-set license
Built from '2020.3/staging' branch; Version is '2020.3.20f1 (41c4e627c95f) revision 4310246'; Using compiler version '192528614'; Build Type 'Release'
OS: 'Windows 10 Home; OS build 22000.613; Version 2009; 64bit' Language: 'en' Physical Memory: 16215 MB
BatchMode: 1, IsHumanControllingUs: 0, StartBugReporterOnCrash: 0, Is64bit: 1, IsPro: 0

COMMAND LINE ARGUMENTS:
C:\Program Files\Unity\Hub\Editor\2020.3.20f1\Editor\Unity.exe
-adb2
-batchMode
-noUpm
-name
AssetImportWorker0
-projectPath
C:/Users/zaida/Desktop/breathing_exercise_game-main
-logFile
Logs/AssetImportWorker0.log
-srvPort
55429
Successfully changed project path to: C:/Users/zaida/Desktop/breathing_exercise_game-main
C:/Users/zaida/Desktop/breathing_exercise_game-main
Using Asset Import Pipeline V2.
Refreshing native plugins compatible for Editor in 76.90 ms, found 2 plugins.
Preloading 0 native plugins for Editor in 0.00 ms.
Initialize engine version: 2020.3.20f1 (41c4e627c95f)
[Subsystems] Discovering subsystems at path C:/Program Files/Unity/Hub/Editor/2020.3.20f1/Editor/Data/Resources/UnitySubsystems
[Subsystems] Discovering subsystems at path C:/Users/zaida/Desktop/breathing_exercise_game-main/Assets
GfxDevice: creating device client; threaded=0
Direct3D:
    Version:  Direct3D 11.0 [level 11.1]
    Renderer: NVIDIA GeForce RTX 2060 (ID=0x1f15)
    Vendor:   
    VRAM:     5980 MB
    Driver:   30.0.15.1179
Initialize mono
Mono path[0] = 'C:/Program Files/Unity/Hub/Editor/2020.3.20f1/Editor/Data/Managed'
Mono path[1] = 'C:/Program Files/Unity/Hub/Editor/2020.3.20f1/Editor/Data/MonoBleedingEdge/lib/mono/unityjit'
Mono config path = 'C:/Program Files/Unity/Hub/Editor/2020.3.20f1/Editor/Data/MonoBleedingEdge/etc'
Using monoOptions --debugger-agent=transport=dt_socket,embedding=1,server=y,suspend=n,address=127.0.0.1:56476
Begin MonoManager ReloadAssembly
Registering precompiled unity dll's ...
Register platform support module: C:/Program Files/Unity/Hub/Editor/2020.3.20f1/Editor/Data/PlaybackEngines/WindowsStandaloneSupport/UnityEditor.WindowsStandalone.Extensions.dll
Registered in 0.001554 seconds.
Native extension for WindowsStandalone target not found
Refreshing native plugins compatible for Editor in 61.37 ms, found 2 plugins.
Preloading 0 native plugins for Editor in 0.00 ms.
Mono: successfully reloaded assembly
- Completed reload, in  1.292 seconds
Domain Reload Profiling:
	ReloadAssembly (1292ms)
		BeginReloadAssembly (54ms)
			ExecutionOrderSort (0ms)
			DisableScriptedObjects (0ms)
			BackupInstance (0ms)
			ReleaseScriptingObjects (0ms)
			CreateAndSetChildDomain (1ms)
		EndReloadAssembly (632ms)
			LoadAssemblies (52ms)
			RebuildTransferFunctionScriptingTraits (0ms)
			SetupTypeCache (216ms)
			ReleaseScriptCaches (0ms)
			RebuildScriptCaches (49ms)
			SetupLoadedEditorAssemblies (250ms)
				LogAssemblyErrors (0ms)
				InitializePlatformSupportModulesInManaged (6ms)
				SetLoadedEditorAssemblies (0ms)
				RefreshPlugins (61ms)
				BeforeProcessingInitializeOnLoad (23ms)
				ProcessInitializeOnLoadAttributes (121ms)
				ProcessInitializeOnLoadMethodAttributes (37ms)
				AfterProcessingInitializeOnLoad (0ms)
				EditorAssembliesLoaded (0ms)
			ExecutionOrderSort2 (0ms)
			AwakeInstancesAfterBackupRestoration (0ms)
Platform modules already initialized, skipping
Registering precompiled user dll's ...
Registered in 0.002460 seconds.
Begin MonoManager ReloadAssembly
Native extension for WindowsStandalone target not found
Refreshing native plugins compatible for Editor in 0.51 ms, found 2 plugins.
Preloading 0 native plugins for Editor in 0.00 ms.
Mono: successfully reloaded assembly
- Completed reload, in  1.442 seconds
Domain Reload Profiling:
	ReloadAssembly (1443ms)
		BeginReloadAssembly (175ms)
			ExecutionOrderSort (0ms)
			DisableScriptedObjects (5ms)
			BackupInstance (0ms)
			ReleaseScriptingObjects (0ms)
			CreateAndSetChildDomain (21ms)
		EndReloadAssembly (1183ms)
			LoadAssemblies (100ms)
			RebuildTransferFunctionScriptingTraits (0ms)
			SetupTypeCache (513ms)
			ReleaseScriptCaches (1ms)
			RebuildScriptCaches (56ms)
			SetupLoadedEditorAssemblies (362ms)
				LogAssemblyErrors (0ms)
				InitializePlatformSupportModulesInManaged (6ms)
				SetLoadedEditorAssemblies (1ms)
				RefreshPlugins (1ms)
				BeforeProcessingInitializeOnLoad (94ms)
				ProcessInitializeOnLoadAttributes (247ms)
				ProcessInitializeOnLoadMethodAttributes (7ms)
				AfterProcessingInitializeOnLoad (6ms)
				EditorAssembliesLoaded (0ms)
			ExecutionOrderSort2 (0ms)
			AwakeInstancesAfterBackupRestoration (10ms)
Platform modules already initialized, skipping
========================================================================
Worker process is ready to serve import requests
Launched and connected shader compiler UnityShaderCompiler.exe after 0.08 seconds
Refreshing native plugins compatible for Editor in 1.04 ms, found 2 plugins.
Preloading 0 native plugins for Editor in 0.00 ms.
Unloading 1624 Unused Serialized files (Serialized files now loaded: 0)
System memory in use before: 105.3 MB.
System memory in use after: 105.0 MB.

Unloading 17 unused Assets to reduce memory usage. Loaded Objects now: 2082.
Total: 5.385100 ms (FindLiveObjects: 0.282700 ms CreateObjectMapping: 0.101700 ms MarkObjects: 4.363100 ms  DeleteObjects: 0.635500 ms)

AssetImportParameters requested are different than current active one (requested -> active):
  custom:framework-win-MediaFoundation: 216162199b28c13a410421893ffa2e32 -> 
  custom:video-decoder-ogg-theora: a1e56fd34408186e4bbccfd4996cb3dc -> 
  custom:container-muxer-webm: aa71ff27fc2769a1b78a27578f13a17b -> 
  custom:container-demuxer-webm: 4f35f7cbe854078d1ac9338744f61a02 -> 
  custom:container-demuxer-ogg: 62fdf1f143b41e24485cea50d1cbac27 -> 
  custom:video-encoder-webm-vp8: eb34c28f22e8b96e1ab97ce403110664 -> 
  custom:video-decoder-webm-vp8: 9c59270c3fd7afecdb556c50c9e8de78 -> 
  custom:audio-decoder-ogg-vorbis: bf7c407c2cedff20999df2af8eb42d56 -> 
  custom:audio-encoder-webm-vorbis: bf7c407c2cedff20999df2af8eb42d56 -> 
========================================================================
Received Import Request.
  path: Assets/UI
  artifactKey: Guid(9e18b73c0a3341e429efd227f87401e3) Importer(815301076,1909f56bfc062723c751e8b465ee728b)
Start importing Assets/UI using Guid(9e18b73c0a3341e429efd227f87401e3) Importer(815301076,1909f56bfc062723c751e8b465ee728b)  -> (artifact id: 'e3f242c38da83e168ab49da4e58b3e98') in 0.015426 seconds 
  Import took 0.026934 seconds .

========================================================================
Received Import Request.
  Time since last request: 0.204151 seconds.
  path: Assets/Script/QT_Events.cs
  artifactKey: Guid(10e587df19df7d147a3776c589201a6c) Importer(815301076,1909f56bfc062723c751e8b465ee728b)
Start importing Assets/Script/QT_Events.cs using Guid(10e587df19df7d147a3776c589201a6c) Importer(815301076,1909f56bfc062723c751e8b465ee728b)  -> (artifact id: '077e566e4a510fd2f45a23a4e3b6eebf') in 0.041230 seconds 
  Import took 0.046629 seconds .

========================================================================
Received Import Request.
  Time since last request: 1.356295 seconds.
  path: Assets/Script/ProgressBar.cs
  artifactKey: Guid(3502acc0d1f577a419cdae1a48822e9b) Importer(815301076,1909f56bfc062723c751e8b465ee728b)
Start importing Assets/Script/ProgressBar.cs using Guid(3502acc0d1f577a419cdae1a48822e9b) Importer(815301076,1909f56bfc062723c751e8b465ee728b)  -> (artifact id: '78eb7bcdbd34c746af1dc498fb72e30b') in 0.007049 seconds 
  Import took 0.010824 seconds .

========================================================================
Received Import Request.
  Time since last request: 1.067217 seconds.
  path: Assets/Script/TaskText.cs
  artifactKey: Guid(684b0d6cf5bd4bb44b1c9db98fbe1630) Importer(815301076,1909f56bfc062723c751e8b465ee728b)
Start importing Assets/Script/TaskText.cs using Guid(684b0d6cf5bd4bb44b1c9db98fbe1630) Importer(815301076,1909f56bfc062723c751e8b465ee728b)  -> (artifact id: '388a905aff2327424833ed594b0fc964') in 0.016999 seconds 
  Import took 0.021379 seconds .

========================================================================
Received Prepare
Registering precompiled user dll's ...
Registered in 0.002857 seconds.
Begin MonoManager ReloadAssembly
Native extension for WindowsStandalone target not found
Refreshing native plugins compatible for Editor in 0.45 ms, found 2 plugins.
Preloading 0 native plugins for Editor in 0.00 ms.
Mono: successfully reloaded assembly
- Completed reload, in  1.175 seconds
Domain Reload Profiling:
	ReloadAssembly (1175ms)
		BeginReloadAssembly (152ms)
			ExecutionOrderSort (0ms)
			DisableScriptedObjects (10ms)
			BackupInstance (0ms)
			ReleaseScriptingObjects (0ms)
			CreateAndSetChildDomain (54ms)
		EndReloadAssembly (946ms)
			LoadAssemblies (100ms)
			RebuildTransferFunctionScriptingTraits (0ms)
			SetupTypeCache (363ms)
			ReleaseScriptCaches (1ms)
			RebuildScriptCaches (43ms)
			SetupLoadedEditorAssemblies (332ms)
				LogAssemblyErrors (0ms)
				InitializePlatformSupportModulesInManaged (5ms)
				SetLoadedEditorAssemblies (0ms)
				RefreshPlugins (1ms)
				BeforeProcessingInitializeOnLoad (73ms)
				ProcessInitializeOnLoadAttributes (242ms)
				ProcessInitializeOnLoadMethodAttributes (5ms)
				AfterProcessingInitializeOnLoad (6ms)
				EditorAssembliesLoaded (0ms)
			ExecutionOrderSort2 (0ms)
			AwakeInstancesAfterBackupRestoration (9ms)
Platform modules already initialized, skipping
Refreshing native plugins compatible for Editor in 0.47 ms, found 2 plugins.
Preloading 0 native plugins for Editor in 0.00 ms.
Unloading 1572 Unused Serialized files (Serialized files now loaded: 0)
System memory in use before: 100.5 MB.
System memory in use after: 100.3 MB.

Unloading 12 unused Assets to reduce memory usage. Loaded Objects now: 2084.
Total: 3.262400 ms (FindLiveObjects: 0.188600 ms CreateObjectMapping: 0.064000 ms MarkObjects: 2.707300 ms  DeleteObjects: 0.301000 ms)

AssetImportParameters requested are different than current active one (requested -> active):
  custom:framework-win-MediaFoundation: 216162199b28c13a410421893ffa2e32 -> 
  custom:video-decoder-ogg-theora: a1e56fd34408186e4bbccfd4996cb3dc -> 
  custom:container-muxer-webm: aa71ff27fc2769a1b78a27578f13a17b -> 
  custom:container-demuxer-webm: 4f35f7cbe854078d1ac9338744f61a02 -> 
  custom:container-demuxer-ogg: 62fdf1f143b41e24485cea50d1cbac27 -> 
  custom:video-encoder-webm-vp8: eb34c28f22e8b96e1ab97ce403110664 -> 
  custom:video-decoder-webm-vp8: 9c59270c3fd7afecdb556c50c9e8de78 -> 
  custom:audio-decoder-ogg-vorbis: bf7c407c2cedff20999df2af8eb42d56 -> 
  custom:audio-encoder-webm-vorbis: bf7c407c2cedff20999df2af8eb42d56 -> 
========================================================================
Received Import Request.
  Time since last request: 409.435846 seconds.
  path: Assets/Animations/CloudAnimation.anim
  artifactKey: Guid(44880177bb7bb9444be4f5b1f5c86c59) Importer(815301076,1909f56bfc062723c751e8b465ee728b)
Start importing Assets/Animations/CloudAnimation.anim using Guid(44880177bb7bb9444be4f5b1f5c86c59) Importer(815301076,1909f56bfc062723c751e8b465ee728b)  -> (artifact id: 'c03e487aeff8ed8a62a1aba725956ed0') in 0.050227 seconds 
  Import took 0.056455 seconds .

========================================================================
Received Import Request.
  Time since last request: 0.739830 seconds.
  path: Assets/Animations/Clowd (4).controller
  artifactKey: Guid(7535abf36a280f445bad7e76d9fe1ad3) Importer(815301076,1909f56bfc062723c751e8b465ee728b)
Start importing Assets/Animations/Clowd (4).controller using Guid(7535abf36a280f445bad7e76d9fe1ad3) Importer(815301076,1909f56bfc062723c751e8b465ee728b)  -> (artifact id: 'fb6bd522bb57713672832e9a838055fe') in 0.009228 seconds 
  Import took 0.013572 seconds .

========================================================================
Received Import Request.
  Time since last request: 33.813279 seconds.
  path: Assets/Animations/Clowd.controller
  artifactKey: Guid(7a1310842d866944ba89edf6c7f41b9b) Importer(815301076,1909f56bfc062723c751e8b465ee728b)
Start importing Assets/Animations/Clowd.controller using Guid(7a1310842d866944ba89edf6c7f41b9b) Importer(815301076,1909f56bfc062723c751e8b465ee728b)  -> (artifact id: '80574aba4cff8b8da2ade6c40a11b164') in 0.006575 seconds 
  Import took 0.019411 seconds .

========================================================================
Received Import Request.
  Time since last request: 0.834403 seconds.
  path: Assets/Animations/correctAnswer.anim
  artifactKey: Guid(f9f022c7d4394854c9151be470a15740) Importer(815301076,1909f56bfc062723c751e8b465ee728b)
Start importing Assets/Animations/correctAnswer.anim using Guid(f9f022c7d4394854c9151be470a15740) Importer(815301076,1909f56bfc062723c751e8b465ee728b)  -> (artifact id: '4a58b22aee11b1e4c3a394a80a619340') in 0.005171 seconds 
  Import took 0.017174 seconds .

========================================================================
Received Import Request.
  Time since last request: 989.216802 seconds.
  path: Assets/Animations/Cloud1Anim.anim
  artifactKey: Guid(5f2d05e3bba710742ae6644b39b7431d) Importer(815301076,1909f56bfc062723c751e8b465ee728b)
Start importing Assets/Animations/Cloud1Anim.anim using Guid(5f2d05e3bba710742ae6644b39b7431d) Importer(815301076,1909f56bfc062723c751e8b465ee728b)  -> (artifact id: '477961cd9e9e7247b6aa1550a3ae599c') in 0.018559 seconds 
  Import took 0.050050 seconds .

========================================================================
Received Import Request.
  Time since last request: 3.019400 seconds.
  path: Assets/Animations/Cloud3Anim.anim
  artifactKey: Guid(874f0fa8a12b9754e831d4c194eccdbe) Importer(815301076,1909f56bfc062723c751e8b465ee728b)
Start importing Assets/Animations/Cloud3Anim.anim using Guid(874f0fa8a12b9754e831d4c194eccdbe) Importer(815301076,1909f56bfc062723c751e8b465ee728b)  -> (artifact id: '98c9f9f0bec4fe8a21978e64dc4da173') in 0.006772 seconds 
  Import took 0.009463 seconds .

========================================================================
Received Import Request.
  Time since last request: 0.920619 seconds.
  path: Assets/Animations/Cloud4Anim.anim
  artifactKey: Guid(44e2a250f7abaf148a677588765ec92e) Importer(815301076,1909f56bfc062723c751e8b465ee728b)
Start importing Assets/Animations/Cloud4Anim.anim using Guid(44e2a250f7abaf148a677588765ec92e) Importer(815301076,1909f56bfc062723c751e8b465ee728b)  -> (artifact id: 'a879e9b906aa7970ff9c9bd158e33e02') in 0.005925 seconds 
  Import took 0.009280 seconds .

========================================================================
Received Import Request.
  Time since last request: 0.841065 seconds.
  path: Assets/Animations/CloudAnimation.anim
  artifactKey: Guid(44880177bb7bb9444be4f5b1f5c86c59) Importer(815301076,1909f56bfc062723c751e8b465ee728b)
Start importing Assets/Animations/CloudAnimation.anim using Guid(44880177bb7bb9444be4f5b1f5c86c59) Importer(815301076,1909f56bfc062723c751e8b465ee728b)  -> (artifact id: '8649fc780948b6a2e6d4c7ecac342b0b') in 0.003122 seconds 
  Import took 0.006495 seconds .

========================================================================
Received Import Request.
  Time since last request: 3.590761 seconds.
  path: Assets/Animations/wrongAnswer.anim
  artifactKey: Guid(cc1454e7df3d2074897e8c058ae593a7) Importer(815301076,1909f56bfc062723c751e8b465ee728b)
Start importing Assets/Animations/wrongAnswer.anim using Guid(cc1454e7df3d2074897e8c058ae593a7) Importer(815301076,1909f56bfc062723c751e8b465ee728b)  -> (artifact id: 'a9983738f3cddf57bf8dccba99d50990') in 0.018765 seconds 
  Import took 0.022271 seconds .

========================================================================
Received Import Request.
  Time since last request: 519.853111 seconds.
  path: Assets/Acorn Bringer Assets/Simplistic Low Poly Nature/Animators/Animator_Bird1.controller
  artifactKey: Guid(f5707d17377134345bd90be4ecfe045d) Importer(815301076,1909f56bfc062723c751e8b465ee728b)
Start importing Assets/Acorn Bringer Assets/Simplistic Low Poly Nature/Animators/Animator_Bird1.controller using Guid(f5707d17377134345bd90be4ecfe045d) Importer(815301076,1909f56bfc062723c751e8b465ee728b)  -> (artifact id: '812b396769796a542aecdf41ee957e77') in 0.019133 seconds 
  Import took 0.038523 seconds .

========================================================================
Received Import Request.
  Time since last request: 1.225584 seconds.
  path: Assets/Acorn Bringer Assets/Simplistic Low Poly Nature/Animators/Animator_Bird2.controller
  artifactKey: Guid(df0275f652a0ae6449a935afc6e06eda) Importer(815301076,1909f56bfc062723c751e8b465ee728b)
Start importing Assets/Acorn Bringer Assets/Simplistic Low Poly Nature/Animators/Animator_Bird2.controller using Guid(df0275f652a0ae6449a935afc6e06eda) Importer(815301076,1909f56bfc062723c751e8b465ee728b)  -> (artifact id: '22193d37789fc17d6fffc97900314233') in 0.010677 seconds 
  Import took 0.014218 seconds .

========================================================================
Received Import Request.
  Time since last request: 2.373737 seconds.
  path: Assets/Acorn Bringer Assets/Simplistic Low Poly Nature/Animators/Animator_Butter.controller
  artifactKey: Guid(80404ea21e182d74f9d9234199b272a9) Importer(815301076,1909f56bfc062723c751e8b465ee728b)
Start importing Assets/Acorn Bringer Assets/Simplistic Low Poly Nature/Animators/Animator_Butter.controller using Guid(80404ea21e182d74f9d9234199b272a9) Importer(815301076,1909f56bfc062723c751e8b465ee728b)  -> (artifact id: '9bbfd6764cd5f38693636bfc5e1e7a5e') in 0.010106 seconds 
  Import took 0.014153 seconds .

========================================================================
Received Import Request.
  Time since last request: 94.069231 seconds.
  path: Assets/Acorn Bringer Assets/Simplistic Low Poly Nature/Meshes/SCharacter_Bird1.fbx
  artifactKey: Guid(175febab25a133545bb941cb948a5bf3) Importer(815301076,1909f56bfc062723c751e8b465ee728b)
Start importing Assets/Acorn Bringer Assets/Simplistic Low Poly Nature/Meshes/SCharacter_Bird1.fbx using Guid(175febab25a133545bb941cb948a5bf3) Importer(815301076,1909f56bfc062723c751e8b465ee728b)  -> (artifact id: '34d4173758506dcdc47e85bad47a4541') in 0.258766 seconds 
  Import took 0.261804 seconds .

========================================================================
Received Import Request.
  Time since last request: 0.000162 seconds.
  path: Assets/Acorn Bringer Assets/Simplistic Low Poly Nature/Meshes/SCharacter_Bird2.fbx
  artifactKey: Guid(d3dfb551f587bf148b9902d66279308b) Importer(815301076,1909f56bfc062723c751e8b465ee728b)
Start importing Assets/Acorn Bringer Assets/Simplistic Low Poly Nature/Meshes/SCharacter_Bird2.fbx using Guid(d3dfb551f587bf148b9902d66279308b) Importer(815301076,1909f56bfc062723c751e8b465ee728b)  -> (artifact id: 'd57199ceff3c9172ef9329dcde1ee2d8') in 0.031343 seconds 
  Import took 0.033975 seconds .

========================================================================
Received Import Request.
  Time since last request: 0.000171 seconds.
  path: Assets/Acorn Bringer Assets/Simplistic Low Poly Nature/Meshes/SCharacter_Fish.fbx
  artifactKey: Guid(9c690660684b5494c88ac61e360783d1) Importer(815301076,1909f56bfc062723c751e8b465ee728b)
Start importing Assets/Acorn Bringer Assets/Simplistic Low Poly Nature/Meshes/SCharacter_Fish.fbx using Guid(9c690660684b5494c88ac61e360783d1) Importer(815301076,1909f56bfc062723c751e8b465ee728b)  -> (artifact id: '9863da7ea6545f57efd0a829588223c1') in 0.029785 seconds 
  Import took 0.032936 seconds .

========================================================================
Received Import Request.
  Time since last request: 0.000223 seconds.
  path: Assets/Acorn Bringer Assets/Simplistic Low Poly Nature/Meshes/SCharacter_Butterfly.fbx
  artifactKey: Guid(3a20fa05dc74f114bb237c4dba333092) Importer(815301076,1909f56bfc062723c751e8b465ee728b)
Start importing Assets/Acorn Bringer Assets/Simplistic Low Poly Nature/Meshes/SCharacter_Butterfly.fbx using Guid(3a20fa05dc74f114bb237c4dba333092) Importer(815301076,1909f56bfc062723c751e8b465ee728b)  -> (artifact id: '2899f5ca7e8fdc3734b71189b15fc3fe') in 0.028623 seconds 
  Import took 0.031741 seconds .

========================================================================
Received Import Request.
  Time since last request: 0.000161 seconds.
  path: Assets/Acorn Bringer Assets/Simplistic Low Poly Nature/Meshes/SCharacter_Squirrel.fbx
  artifactKey: Guid(265ee6fac4cc17345b23403e90e2ba45) Importer(815301076,1909f56bfc062723c751e8b465ee728b)
Start importing Assets/Acorn Bringer Assets/Simplistic Low Poly Nature/Meshes/SCharacter_Squirrel.fbx using Guid(265ee6fac4cc17345b23403e90e2ba45) Importer(815301076,1909f56bfc062723c751e8b465ee728b)  -> (artifact id: 'ce0ea980be9f613875fc6972a3d979c2') in 0.031194 seconds 
  Import took 0.034229 seconds .

========================================================================
Received Import Request.
  Time since last request: 0.000176 seconds.
  path: Assets/Acorn Bringer Assets/Simplistic Low Poly Nature/Meshes/SCharacter_Turtle.fbx
  artifactKey: Guid(b1dd02c4daa7e6248ab9cf52038f20cf) Importer(815301076,1909f56bfc062723c751e8b465ee728b)
Start importing Assets/Acorn Bringer Assets/Simplistic Low Poly Nature/Meshes/SCharacter_Turtle.fbx using Guid(b1dd02c4daa7e6248ab9cf52038f20cf) Importer(815301076,1909f56bfc062723c751e8b465ee728b)  -> (artifact id: '61111e90e75ad4366d41a50ff69c8cbe') in 0.033230 seconds 
  Import took 0.036155 seconds .

========================================================================
Received Import Request.
  Time since last request: 77.743454 seconds.
  path: Assets/Acorn Bringer Assets/Simplistic Low Poly Nature/Prefabs/SCharacter_Bird1.prefab
  artifactKey: Guid(22e82e37709fde34fb65a2fd28fbfb05) Importer(815301076,1909f56bfc062723c751e8b465ee728b)
Start importing Assets/Acorn Bringer Assets/Simplistic Low Poly Nature/Prefabs/SCharacter_Bird1.prefab using Guid(22e82e37709fde34fb65a2fd28fbfb05) Importer(815301076,1909f56bfc062723c751e8b465ee728b)  -> (artifact id: 'e905e596b0882c09d9722c0d58c31257') in 0.022376 seconds 
  Import took 0.025703 seconds .

========================================================================
Received Prepare
Registering precompiled user dll's ...
Registered in 0.003625 seconds.
Begin MonoManager ReloadAssembly
Native extension for WindowsStandalone target not found
Refreshing native plugins compatible for Editor in 0.61 ms, found 2 plugins.
Preloading 0 native plugins for Editor in 0.00 ms.
Mono: successfully reloaded assembly
- Completed reload, in  1.748 seconds
Domain Reload Profiling:
	ReloadAssembly (1750ms)
		BeginReloadAssembly (401ms)
			ExecutionOrderSort (0ms)
			DisableScriptedObjects (27ms)
			BackupInstance (0ms)
			ReleaseScriptingObjects (0ms)
			CreateAndSetChildDomain (219ms)
		EndReloadAssembly (1245ms)
			LoadAssemblies (168ms)
			RebuildTransferFunctionScriptingTraits (0ms)
			SetupTypeCache (436ms)
			ReleaseScriptCaches (2ms)
			RebuildScriptCaches (79ms)
			SetupLoadedEditorAssemblies (426ms)
				LogAssemblyErrors (0ms)
				InitializePlatformSupportModulesInManaged (7ms)
				SetLoadedEditorAssemblies (1ms)
				RefreshPlugins (1ms)
				BeforeProcessingInitializeOnLoad (96ms)
				ProcessInitializeOnLoadAttributes (310ms)
				ProcessInitializeOnLoadMethodAttributes (6ms)
				AfterProcessingInitializeOnLoad (5ms)
				EditorAssembliesLoaded (0ms)
			ExecutionOrderSort2 (0ms)
			AwakeInstancesAfterBackupRestoration (10ms)
Platform modules already initialized, skipping
Refreshing native plugins compatible for Editor in 0.51 ms, found 2 plugins.
Preloading 0 native plugins for Editor in 0.00 ms.
Unloading 1572 Unused Serialized files (Serialized files now loaded: 0)
System memory in use before: 117.4 MB.
System memory in use after: 117.2 MB.

Unloading 13 unused Assets to reduce memory usage. Loaded Objects now: 2097.
Total: 3.538600 ms (FindLiveObjects: 0.196800 ms CreateObjectMapping: 0.071100 ms MarkObjects: 2.920700 ms  DeleteObjects: 0.348500 ms)

AssetImportParameters requested are different than current active one (requested -> active):
  custom:framework-win-MediaFoundation: 216162199b28c13a410421893ffa2e32 -> 
  custom:video-decoder-ogg-theora: a1e56fd34408186e4bbccfd4996cb3dc -> 
  custom:container-muxer-webm: aa71ff27fc2769a1b78a27578f13a17b -> 
  custom:container-demuxer-webm: 4f35f7cbe854078d1ac9338744f61a02 -> 
  custom:container-demuxer-ogg: 62fdf1f143b41e24485cea50d1cbac27 -> 
  custom:video-encoder-webm-vp8: eb34c28f22e8b96e1ab97ce403110664 -> 
  custom:video-decoder-webm-vp8: 9c59270c3fd7afecdb556c50c9e8de78 -> 
  custom:audio-decoder-ogg-vorbis: bf7c407c2cedff20999df2af8eb42d56 -> 
  custom:audio-encoder-webm-vorbis: bf7c407c2cedff20999df2af8eb42d56 -> 
========================================================================
Received Prepare
Registering precompiled user dll's ...
Registered in 0.003403 seconds.
Begin MonoManager ReloadAssembly
Native extension for WindowsStandalone target not found
Refreshing native plugins compatible for Editor in 0.52 ms, found 2 plugins.
Preloading 0 native plugins for Editor in 0.00 ms.
Mono: successfully reloaded assembly
- Completed reload, in  1.005 seconds
Domain Reload Profiling:
	ReloadAssembly (1006ms)
		BeginReloadAssembly (110ms)
			ExecutionOrderSort (0ms)
			DisableScriptedObjects (5ms)
			BackupInstance (0ms)
			ReleaseScriptingObjects (0ms)
			CreateAndSetChildDomain (38ms)
		EndReloadAssembly (831ms)
			LoadAssemblies (82ms)
			RebuildTransferFunctionScriptingTraits (0ms)
			SetupTypeCache (327ms)
			ReleaseScriptCaches (1ms)
			RebuildScriptCaches (40ms)
			SetupLoadedEditorAssemblies (273ms)
				LogAssemblyErrors (0ms)
				InitializePlatformSupportModulesInManaged (5ms)
				SetLoadedEditorAssemblies (0ms)
				RefreshPlugins (1ms)
				BeforeProcessingInitializeOnLoad (70ms)
				ProcessInitializeOnLoadAttributes (188ms)
				ProcessInitializeOnLoadMethodAttributes (4ms)
				AfterProcessingInitializeOnLoad (4ms)
				EditorAssembliesLoaded (0ms)
			ExecutionOrderSort2 (0ms)
			AwakeInstancesAfterBackupRestoration (7ms)
Platform modules already initialized, skipping
Refreshing native plugins compatible for Editor in 0.44 ms, found 2 plugins.
Preloading 0 native plugins for Editor in 0.00 ms.
Unloading 1572 Unused Serialized files (Serialized files now loaded: 0)
System memory in use before: 117.5 MB.
System memory in use after: 117.2 MB.

Unloading 12 unused Assets to reduce memory usage. Loaded Objects now: 2099.
Total: 2.754900 ms (FindLiveObjects: 0.164400 ms CreateObjectMapping: 0.054200 ms MarkObjects: 2.242400 ms  DeleteObjects: 0.292800 ms)

AssetImportParameters requested are different than current active one (requested -> active):
  custom:framework-win-MediaFoundation: 216162199b28c13a410421893ffa2e32 -> 
  custom:video-decoder-ogg-theora: a1e56fd34408186e4bbccfd4996cb3dc -> 
  custom:container-muxer-webm: aa71ff27fc2769a1b78a27578f13a17b -> 
  custom:container-demuxer-webm: 4f35f7cbe854078d1ac9338744f61a02 -> 
  custom:container-demuxer-ogg: 62fdf1f143b41e24485cea50d1cbac27 -> 
  custom:video-encoder-webm-vp8: eb34c28f22e8b96e1ab97ce403110664 -> 
  custom:video-decoder-webm-vp8: 9c59270c3fd7afecdb556c50c9e8de78 -> 
  custom:audio-decoder-ogg-vorbis: bf7c407c2cedff20999df2af8eb42d56 -> 
  custom:audio-encoder-webm-vorbis: bf7c407c2cedff20999df2af8eb42d56 -> 
========================================================================
Received Import Request.
  Time since last request: 708.197135 seconds.
  path: Assets/Acorn Bringer Assets/Simplistic Low Poly Nature/Animators
  artifactKey: Guid(ff45d24a53905b34d966a85a64cd96a0) Importer(815301076,1909f56bfc062723c751e8b465ee728b)
Start importing Assets/Acorn Bringer Assets/Simplistic Low Poly Nature/Animators using Guid(ff45d24a53905b34d966a85a64cd96a0) Importer(815301076,1909f56bfc062723c751e8b465ee728b)  -> (artifact id: 'a9bcaa352a4313f5a6321db389c32fcb') in 0.021199 seconds 
  Import took 0.028626 seconds .

========================================================================
Received Import Request.
  Time since last request: 57.838609 seconds.
  path: Assets/BirdMoveF.anim
  artifactKey: Guid(bbb6167dc457d9e469eec2af0e9d16ce) Importer(815301076,1909f56bfc062723c751e8b465ee728b)
Start importing Assets/BirdMoveF.anim using Guid(bbb6167dc457d9e469eec2af0e9d16ce) Importer(815301076,1909f56bfc062723c751e8b465ee728b)  -> (artifact id: '5df3d4a9387613ee167f553fa3468957') in 0.107837 seconds 
  Import took 0.111402 seconds .

========================================================================
Received Prepare
Registering precompiled user dll's ...
Registered in 0.002624 seconds.
Begin MonoManager ReloadAssembly
Native extension for WindowsStandalone target not found
Refreshing native plugins compatible for Editor in 0.51 ms, found 2 plugins.
Preloading 0 native plugins for Editor in 0.00 ms.
Mono: successfully reloaded assembly
- Completed reload, in  1.140 seconds
Domain Reload Profiling:
	ReloadAssembly (1142ms)
		BeginReloadAssembly (160ms)
			ExecutionOrderSort (0ms)
			DisableScriptedObjects (11ms)
			BackupInstance (0ms)
			ReleaseScriptingObjects (0ms)
			CreateAndSetChildDomain (78ms)
		EndReloadAssembly (917ms)
			LoadAssemblies (90ms)
			RebuildTransferFunctionScriptingTraits (0ms)
			SetupTypeCache (291ms)
			ReleaseScriptCaches (2ms)
			RebuildScriptCaches (42ms)
			SetupLoadedEditorAssemblies (366ms)
				LogAssemblyErrors (0ms)
				InitializePlatformSupportModulesInManaged (6ms)
				SetLoadedEditorAssemblies (1ms)
				RefreshPlugins (1ms)
				BeforeProcessingInitializeOnLoad (93ms)
				ProcessInitializeOnLoadAttributes (257ms)
				ProcessInitializeOnLoadMethodAttributes (4ms)
				AfterProcessingInitializeOnLoad (4ms)
				EditorAssembliesLoaded (0ms)
			ExecutionOrderSort2 (0ms)
			AwakeInstancesAfterBackupRestoration (7ms)
Platform modules already initialized, skipping
Refreshing native plugins compatible for Editor in 0.42 ms, found 2 plugins.
Preloading 0 native plugins for Editor in 0.00 ms.
Unloading 1572 Unused Serialized files (Serialized files now loaded: 0)
System memory in use before: 117.5 MB.
System memory in use after: 117.3 MB.

Unloading 12 unused Assets to reduce memory usage. Loaded Objects now: 2101.
Total: 2.793600 ms (FindLiveObjects: 0.157100 ms CreateObjectMapping: 0.053200 ms MarkObjects: 2.285400 ms  DeleteObjects: 0.297000 ms)

AssetImportParameters requested are different than current active one (requested -> active):
  custom:framework-win-MediaFoundation: 216162199b28c13a410421893ffa2e32 -> 
  custom:video-decoder-ogg-theora: a1e56fd34408186e4bbccfd4996cb3dc -> 
  custom:container-muxer-webm: aa71ff27fc2769a1b78a27578f13a17b -> 
  custom:container-demuxer-webm: 4f35f7cbe854078d1ac9338744f61a02 -> 
  custom:container-demuxer-ogg: 62fdf1f143b41e24485cea50d1cbac27 -> 
  custom:video-encoder-webm-vp8: eb34c28f22e8b96e1ab97ce403110664 -> 
  custom:video-decoder-webm-vp8: 9c59270c3fd7afecdb556c50c9e8de78 -> 
  custom:audio-decoder-ogg-vorbis: bf7c407c2cedff20999df2af8eb42d56 -> 
  custom:audio-encoder-webm-vorbis: bf7c407c2cedff20999df2af8eb42d56 -> 
========================================================================
Received Prepare
Registering precompiled user dll's ...
Registered in 0.002535 seconds.
Begin MonoManager ReloadAssembly
Native extension for WindowsStandalone target not found
Refreshing native plugins compatible for Editor in 0.61 ms, found 2 plugins.
Preloading 0 native plugins for Editor in 0.00 ms.
Mono: successfully reloaded assembly
- Completed reload, in  1.014 seconds
Domain Reload Profiling:
	ReloadAssembly (1015ms)
		BeginReloadAssembly (109ms)
			ExecutionOrderSort (0ms)
			DisableScriptedObjects (5ms)
			BackupInstance (0ms)
			ReleaseScriptingObjects (0ms)
			CreateAndSetChildDomain (40ms)
		EndReloadAssembly (846ms)
			LoadAssemblies (83ms)
			RebuildTransferFunctionScriptingTraits (0ms)
			SetupTypeCache (325ms)
			ReleaseScriptCaches (2ms)
			RebuildScriptCaches (46ms)
			SetupLoadedEditorAssemblies (270ms)
				LogAssemblyErrors (0ms)
				InitializePlatformSupportModulesInManaged (6ms)
				SetLoadedEditorAssemblies (1ms)
				RefreshPlugins (1ms)
				BeforeProcessingInitializeOnLoad (75ms)
				ProcessInitializeOnLoadAttributes (179ms)
				ProcessInitializeOnLoadMethodAttributes (4ms)
				AfterProcessingInitializeOnLoad (4ms)
				EditorAssembliesLoaded (0ms)
			ExecutionOrderSort2 (0ms)
			AwakeInstancesAfterBackupRestoration (6ms)
Platform modules already initialized, skipping
Refreshing native plugins compatible for Editor in 0.44 ms, found 2 plugins.
Preloading 0 native plugins for Editor in 0.00 ms.
Unloading 1572 Unused Serialized files (Serialized files now loaded: 0)
System memory in use before: 117.5 MB.
System memory in use after: 117.3 MB.

Unloading 12 unused Assets to reduce memory usage. Loaded Objects now: 2103.
Total: 2.886100 ms (FindLiveObjects: 0.156300 ms CreateObjectMapping: 0.061100 ms MarkObjects: 2.375100 ms  DeleteObjects: 0.292300 ms)

AssetImportParameters requested are different than current active one (requested -> active):
  custom:framework-win-MediaFoundation: 216162199b28c13a410421893ffa2e32 -> 
  custom:video-decoder-ogg-theora: a1e56fd34408186e4bbccfd4996cb3dc -> 
  custom:container-muxer-webm: aa71ff27fc2769a1b78a27578f13a17b -> 
  custom:container-demuxer-webm: 4f35f7cbe854078d1ac9338744f61a02 -> 
  custom:container-demuxer-ogg: 62fdf1f143b41e24485cea50d1cbac27 -> 
  custom:video-encoder-webm-vp8: eb34c28f22e8b96e1ab97ce403110664 -> 
  custom:video-decoder-webm-vp8: 9c59270c3fd7afecdb556c50c9e8de78 -> 
  custom:audio-decoder-ogg-vorbis: bf7c407c2cedff20999df2af8eb42d56 -> 
  custom:audio-encoder-webm-vorbis: bf7c407c2cedff20999df2af8eb42d56 -> 
========================================================================
Received Import Request.
  Time since last request: 897.179464 seconds.
  path: Assets/Acorn Bringer Assets/Simplistic Low Poly Nature/Animators/Animator_Fish.controller
  artifactKey: Guid(112bfd94ecaf1a34ab317c2ac74268de) Importer(815301076,1909f56bfc062723c751e8b465ee728b)
Start importing Assets/Acorn Bringer Assets/Simplistic Low Poly Nature/Animators/Animator_Fish.controller using Guid(112bfd94ecaf1a34ab317c2ac74268de) Importer(815301076,1909f56bfc062723c751e8b465ee728b)  -> (artifact id: '72c32e8dac21520b2699c534b8627f94') in 0.100473 seconds 
  Import took 0.104425 seconds .

========================================================================
Received Import Request.
  Time since last request: 0.256622 seconds.
  path: Assets/Acorn Bringer Assets/Simplistic Low Poly Nature/Animators/Animator_Squirrel.controller
  artifactKey: Guid(35011b8dee9ca844cb34e732d0b1fa9c) Importer(815301076,1909f56bfc062723c751e8b465ee728b)
Start importing Assets/Acorn Bringer Assets/Simplistic Low Poly Nature/Animators/Animator_Squirrel.controller using Guid(35011b8dee9ca844cb34e732d0b1fa9c) Importer(815301076,1909f56bfc062723c751e8b465ee728b)  -> (artifact id: '492609c9dbac01e850103862569291d6') in 0.017142 seconds 
  Import took 0.020190 seconds .

========================================================================
Received Import Request.
  Time since last request: 0.337805 seconds.
  path: Assets/Acorn Bringer Assets/Simplistic Low Poly Nature/Animators/Animator_Turtle.controller
  artifactKey: Guid(382e8d323be69c14798e9bb1d4ffda50) Importer(815301076,1909f56bfc062723c751e8b465ee728b)
Start importing Assets/Acorn Bringer Assets/Simplistic Low Poly Nature/Animators/Animator_Turtle.controller using Guid(382e8d323be69c14798e9bb1d4ffda50) Importer(815301076,1909f56bfc062723c751e8b465ee728b)  -> (artifact id: '66196f3a6771b437e5af7d5c71a97b50') in 0.016489 seconds 
  Import took 0.019294 seconds .

========================================================================
Received Prepare
Registering precompiled user dll's ...
Registered in 0.002589 seconds.
Begin MonoManager ReloadAssembly
Native extension for WindowsStandalone target not found
Refreshing native plugins compatible for Editor in 0.55 ms, found 2 plugins.
Preloading 0 native plugins for Editor in 0.00 ms.
Mono: successfully reloaded assembly
- Completed reload, in  1.007 seconds
Domain Reload Profiling:
	ReloadAssembly (1007ms)
		BeginReloadAssembly (124ms)
			ExecutionOrderSort (0ms)
			DisableScriptedObjects (5ms)
			BackupInstance (0ms)
			ReleaseScriptingObjects (0ms)
			CreateAndSetChildDomain (40ms)
		EndReloadAssembly (816ms)
			LoadAssemblies (86ms)
			RebuildTransferFunctionScriptingTraits (0ms)
			SetupTypeCache (289ms)
			ReleaseScriptCaches (1ms)
			RebuildScriptCaches (37ms)
			SetupLoadedEditorAssemblies (293ms)
				LogAssemblyErrors (0ms)
				InitializePlatformSupportModulesInManaged (6ms)
				SetLoadedEditorAssemblies (1ms)
				RefreshPlugins (1ms)
				BeforeProcessingInitializeOnLoad (86ms)
				ProcessInitializeOnLoadAttributes (192ms)
				ProcessInitializeOnLoadMethodAttributes (4ms)
				AfterProcessingInitializeOnLoad (4ms)
				EditorAssembliesLoaded (0ms)
			ExecutionOrderSort2 (0ms)
			AwakeInstancesAfterBackupRestoration (7ms)
Platform modules already initialized, skipping
Refreshing native plugins compatible for Editor in 0.52 ms, found 2 plugins.
Preloading 0 native plugins for Editor in 0.00 ms.
Unloading 1572 Unused Serialized files (Serialized files now loaded: 0)
System memory in use before: 117.5 MB.
System memory in use after: 117.3 MB.

Unloading 12 unused Assets to reduce memory usage. Loaded Objects now: 2105.
Total: 3.270600 ms (FindLiveObjects: 0.211000 ms CreateObjectMapping: 0.068200 ms MarkObjects: 2.680600 ms  DeleteObjects: 0.309500 ms)

AssetImportParameters requested are different than current active one (requested -> active):
  custom:framework-win-MediaFoundation: 216162199b28c13a410421893ffa2e32 -> 
  custom:video-decoder-ogg-theora: a1e56fd34408186e4bbccfd4996cb3dc -> 
  custom:container-muxer-webm: aa71ff27fc2769a1b78a27578f13a17b -> 
  custom:container-demuxer-webm: 4f35f7cbe854078d1ac9338744f61a02 -> 
  custom:container-demuxer-ogg: 62fdf1f143b41e24485cea50d1cbac27 -> 
  custom:video-encoder-webm-vp8: eb34c28f22e8b96e1ab97ce403110664 -> 
  custom:video-decoder-webm-vp8: 9c59270c3fd7afecdb556c50c9e8de78 -> 
  custom:audio-decoder-ogg-vorbis: bf7c407c2cedff20999df2af8eb42d56 -> 
  custom:audio-encoder-webm-vorbis: bf7c407c2cedff20999df2af8eb42d56 -> 
AssetImportWorkerClient::OnTransportError - code=2 error=End of file
